<?xml version="1.0" encoding="UTF-8"?>
<coverage generated="1696133614166" clover="3.2.0">
  <project timestamp="1696133614166" name="All files">
    <metrics statements="41" coveredstatements="31" conditionals="30" coveredconditionals="14" methods="4" coveredmethods="3" elements="75" coveredelements="48" complexity="0" loc="41" ncloc="41" packages="1" files="3" classes="3"/>
    <file name="Skeleton.jsx" path="C:\Users\GGPC\Desktop\react-webpage-thumbnail\src\Skeleton.jsx">
      <metrics statements="2" coveredstatements="2" conditionals="0" coveredconditionals="0" methods="1" coveredmethods="1"/>
      <line num="4" count="1" type="stmt"/>
      <line num="5" count="6" type="stmt"/>
    </file>
    <file name="Thumbnail.jsx" path="C:\Users\GGPC\Desktop\react-webpage-thumbnail\src\Thumbnail.jsx">
      <metrics statements="39" coveredstatements="29" conditionals="30" coveredconditionals="14" methods="3" coveredmethods="2"/>
      <line num="5" count="1" type="stmt"/>
      <line num="16" count="9" type="stmt"/>
      <line num="17" count="9" type="stmt"/>
      <line num="18" count="9" type="stmt"/>
      <line num="19" count="9" type="stmt"/>
      <line num="20" count="6" type="stmt"/>
      <line num="30" count="9" type="cond" truecount="1" falsecount="1"/>
      <line num="31" count="9" type="stmt"/>
      <line num="33" count="0" type="stmt"/>
      <line num="37" count="9" type="cond" truecount="2" falsecount="0"/>
      <line num="38" count="6" type="stmt"/>
      <line num="40" count="3" type="stmt"/>
      <line num="43" count="9" type="stmt"/>
      <line num="44" count="9" type="stmt"/>
      <line num="45" count="9" type="cond" truecount="2" falsecount="2"/>
      <line num="46" count="0" type="stmt"/>
      <line num="47" count="0" type="stmt"/>
      <line num="53" count="9" type="stmt"/>
      <line num="54" count="9" type="stmt"/>
      <line num="55" count="9" type="cond" truecount="3" falsecount="1"/>
      <line num="56" count="9" type="stmt"/>
      <line num="57" count="9" type="stmt"/>
      <line num="58" count="0" type="cond" truecount="0" falsecount="4"/>
      <line num="59" count="0" type="stmt"/>
      <line num="60" count="0" type="cond" truecount="0" falsecount="4"/>
      <line num="61" count="0" type="stmt"/>
      <line num="64" count="9" type="stmt"/>
      <line num="65" count="9" type="stmt"/>
      <line num="67" count="9" type="stmt"/>
      <line num="75" count="9" type="stmt"/>
      <line num="80" count="9" type="stmt"/>
      <line num="88" count="9" type="stmt"/>
      <line num="95" count="9" type="stmt"/>
      <line num="96" count="0" type="cond" truecount="0" falsecount="2"/>
      <line num="97" count="0" type="stmt"/>
      <line num="99" count="0" type="stmt"/>
      <line num="101" count="9" type="stmt"/>
      <line num="153" count="1" type="stmt"/>
      <line num="188" count="1" type="stmt"/>
    </file>
    <file name="index.js" path="C:\Users\GGPC\Desktop\react-webpage-thumbnail\src\index.js">
      <metrics statements="0" coveredstatements="0" conditionals="0" coveredconditionals="0" methods="0" coveredmethods="0"/>
    </file>
  </project>
</coverage>
