TN:
SF:src\Skeleton.jsx
FN:4,(anonymous_0)
FNF:1
FNH:1
FNDA:6,(anonymous_0)
DA:4,1
DA:5,6
LF:2
LH:2
BRF:0
BRH:0
end_of_record
TN:
SF:src\Thumbnail.jsx
FN:5,(anonymous_0)
FN:19,(anonymous_1)
FN:95,(anonymous_2)
FNF:3
FNH:2
FNDA:9,(anonymous_0)
FNDA:6,(anonymous_1)
FNDA:0,(anonymous_2)
DA:5,1
DA:16,9
DA:17,9
DA:18,9
DA:19,9
DA:20,6
DA:30,9
DA:31,9
DA:33,0
DA:37,9
DA:38,6
DA:40,3
DA:43,9
DA:44,9
DA:45,9
DA:46,0
DA:47,0
DA:53,9
DA:54,9
DA:55,9
DA:56,9
DA:57,9
DA:58,0
DA:59,0
DA:60,0
DA:61,0
DA:64,9
DA:65,9
DA:67,9
DA:75,9
DA:80,9
DA:88,9
DA:95,9
DA:96,0
DA:97,0
DA:99,0
DA:101,9
DA:153,1
DA:188,1
LF:39
LH:29
BRDA:6,0,0,0
BRDA:9,1,0,0
BRDA:30,2,0,9
BRDA:30,2,1,0
BRDA:37,3,0,6
BRDA:37,3,1,3
BRDA:45,4,0,0
BRDA:45,4,1,9
BRDA:45,5,0,9
BRDA:45,5,1,0
BRDA:55,6,0,9
BRDA:55,6,1,0
BRDA:55,7,0,9
BRDA:55,7,1,9
BRDA:58,8,0,0
BRDA:58,8,1,0
BRDA:58,9,0,0
BRDA:58,9,1,0
BRDA:60,10,0,0
BRDA:60,10,1,0
BRDA:60,11,0,0
BRDA:60,11,1,0
BRDA:96,12,0,0
BRDA:96,12,1,0
BRDA:107,13,0,9
BRDA:107,13,1,6
BRDA:109,14,0,6
BRDA:109,14,1,6
BRDA:110,15,0,6
BRDA:110,15,1,6
BRF:30
BRH:14
end_of_record
TN:
SF:src\index.js
FNF:0
FNH:0
LF:0
LH:0
BRF:0
BRH:0
end_of_record
